[2022-12-01 19:49:56,105][train.py][line:111][INFO] Epoch:0 	 loss=0.99918	
[2022-12-01 19:49:56,508][train.py][line:111][INFO] Epoch:0 	 loss=0.75993	
[2022-12-01 19:49:56,590][train.py][line:111][INFO] Epoch:0 	 loss=0.72430	
[2022-12-01 19:49:56,864][train.py][line:111][INFO] Epoch:0 	 loss=0.72115	
[2022-12-01 19:49:56,946][train.py][line:111][INFO] Epoch:1 	 loss=0.72047	
[2022-12-01 19:49:57,028][train.py][line:111][INFO] Epoch:1 	 loss=0.67489	
[2022-12-01 19:49:57,110][train.py][line:111][INFO] Epoch:1 	 loss=0.60851	
[2022-12-01 19:49:57,301][train.py][line:111][INFO] Epoch:1 	 loss=0.57855	
[2022-12-01 19:49:57,394][train.py][line:111][INFO] Epoch:2 	 loss=0.55852	
[2022-12-01 19:49:57,476][train.py][line:111][INFO] Epoch:2 	 loss=0.56507	
[2022-12-01 19:49:57,557][train.py][line:111][INFO] Epoch:2 	 loss=0.53975	
[2022-12-01 19:49:57,748][train.py][line:111][INFO] Epoch:2 	 loss=0.52601	
[2022-12-01 19:49:57,831][train.py][line:111][INFO] Epoch:3 	 loss=0.49155	
[2022-12-01 19:49:57,913][train.py][line:111][INFO] Epoch:3 	 loss=0.47317	
[2022-12-01 19:49:57,994][train.py][line:111][INFO] Epoch:3 	 loss=0.47106	
[2022-12-01 19:49:58,185][train.py][line:111][INFO] Epoch:3 	 loss=0.45814	
[2022-12-01 19:49:58,271][train.py][line:111][INFO] Epoch:4 	 loss=0.44540	
[2022-12-01 19:49:58,352][train.py][line:111][INFO] Epoch:4 	 loss=0.43987	
[2022-12-01 19:49:58,435][train.py][line:111][INFO] Epoch:4 	 loss=0.41578	
[2022-12-01 19:49:58,626][train.py][line:111][INFO] Epoch:4 	 loss=0.43345	
[2022-12-01 19:49:58,714][train.py][line:111][INFO] Epoch:5 	 loss=0.40215	
[2022-12-01 19:49:58,798][train.py][line:111][INFO] Epoch:5 	 loss=0.40300	
[2022-12-01 19:49:58,879][train.py][line:111][INFO] Epoch:5 	 loss=0.39241	
[2022-12-01 19:49:59,071][train.py][line:111][INFO] Epoch:5 	 loss=0.38452	
[2022-12-01 19:49:59,155][train.py][line:111][INFO] Epoch:6 	 loss=0.38074	
[2022-12-01 19:49:59,239][train.py][line:111][INFO] Epoch:6 	 loss=0.37075	
[2022-12-01 19:49:59,322][train.py][line:111][INFO] Epoch:6 	 loss=0.37662	
[2022-12-01 19:49:59,516][train.py][line:111][INFO] Epoch:6 	 loss=0.34299	
[2022-12-01 19:49:59,602][train.py][line:111][INFO] Epoch:7 	 loss=0.35943	
[2022-12-01 19:49:59,686][train.py][line:111][INFO] Epoch:7 	 loss=0.35135	
[2022-12-01 19:49:59,769][train.py][line:111][INFO] Epoch:7 	 loss=0.35700	
[2022-12-01 19:49:59,961][train.py][line:111][INFO] Epoch:7 	 loss=0.34958	
[2022-12-01 19:50:00,045][train.py][line:111][INFO] Epoch:8 	 loss=0.34563	
[2022-12-01 19:50:00,128][train.py][line:111][INFO] Epoch:8 	 loss=0.34147	
[2022-12-01 19:50:00,210][train.py][line:111][INFO] Epoch:8 	 loss=0.33222	
[2022-12-01 19:50:00,404][train.py][line:111][INFO] Epoch:8 	 loss=0.32761	
[2022-12-01 19:50:00,491][train.py][line:111][INFO] Epoch:9 	 loss=0.32884	
[2022-12-01 19:50:00,576][train.py][line:111][INFO] Epoch:9 	 loss=0.33382	
[2022-12-01 19:50:00,659][train.py][line:111][INFO] Epoch:9 	 loss=0.31152	
[2022-12-01 19:50:00,853][train.py][line:111][INFO] Epoch:9 	 loss=0.33112	
[2022-12-01 19:50:00,938][train.py][line:111][INFO] Epoch:10 	 loss=0.33185	
[2022-12-01 19:50:01,023][train.py][line:111][INFO] Epoch:10 	 loss=0.28643	
[2022-12-01 19:50:01,107][train.py][line:111][INFO] Epoch:10 	 loss=0.32023	
[2022-12-01 19:50:01,299][train.py][line:111][INFO] Epoch:10 	 loss=0.29894	
[2022-12-01 19:50:01,387][train.py][line:111][INFO] Epoch:11 	 loss=0.31241	
[2022-12-01 19:50:01,472][train.py][line:111][INFO] Epoch:11 	 loss=0.32050	
[2022-12-01 19:50:01,555][train.py][line:111][INFO] Epoch:11 	 loss=0.29195	
[2022-12-01 19:50:01,747][train.py][line:111][INFO] Epoch:11 	 loss=0.28766	
[2022-12-01 19:50:01,835][train.py][line:111][INFO] Epoch:12 	 loss=0.30813	
[2022-12-01 19:50:01,918][train.py][line:111][INFO] Epoch:12 	 loss=0.29679	
[2022-12-01 19:50:02,000][train.py][line:111][INFO] Epoch:12 	 loss=0.29763	
[2022-12-01 19:50:02,192][train.py][line:111][INFO] Epoch:12 	 loss=0.29121	
[2022-12-01 19:50:02,276][train.py][line:111][INFO] Epoch:13 	 loss=0.28781	
[2022-12-01 19:50:02,359][train.py][line:111][INFO] Epoch:13 	 loss=0.28387	
[2022-12-01 19:50:02,443][train.py][line:111][INFO] Epoch:13 	 loss=0.28539	
[2022-12-01 19:50:02,634][train.py][line:111][INFO] Epoch:13 	 loss=0.28022	
[2022-12-01 19:50:02,721][train.py][line:111][INFO] Epoch:14 	 loss=0.29976	
[2022-12-01 19:50:02,805][train.py][line:111][INFO] Epoch:14 	 loss=0.30649	
[2022-12-01 19:50:02,888][train.py][line:111][INFO] Epoch:14 	 loss=0.27749	
[2022-12-01 19:50:03,081][train.py][line:111][INFO] Epoch:14 	 loss=0.26638	
[2022-12-01 19:50:03,164][train.py][line:111][INFO] Epoch:15 	 loss=0.26857	
[2022-12-01 19:50:03,250][train.py][line:111][INFO] Epoch:15 	 loss=0.26868	
[2022-12-01 19:50:03,334][train.py][line:111][INFO] Epoch:15 	 loss=0.26920	
[2022-12-01 19:50:03,527][train.py][line:111][INFO] Epoch:15 	 loss=0.27294	
[2022-12-01 19:50:03,616][train.py][line:111][INFO] Epoch:16 	 loss=0.26652	
[2022-12-01 19:50:03,698][train.py][line:111][INFO] Epoch:16 	 loss=0.27714	
[2022-12-01 19:50:03,783][train.py][line:111][INFO] Epoch:16 	 loss=0.28064	
[2022-12-01 19:50:03,975][train.py][line:111][INFO] Epoch:16 	 loss=0.28266	
[2022-12-01 19:50:04,060][train.py][line:111][INFO] Epoch:17 	 loss=0.26576	
[2022-12-01 19:50:04,145][train.py][line:111][INFO] Epoch:17 	 loss=0.26940	
[2022-12-01 19:50:04,229][train.py][line:111][INFO] Epoch:17 	 loss=0.25703	
[2022-12-01 19:50:04,422][train.py][line:111][INFO] Epoch:17 	 loss=0.24650	
[2022-12-01 19:50:04,510][train.py][line:111][INFO] Epoch:18 	 loss=0.26464	
[2022-12-01 19:50:04,592][train.py][line:111][INFO] Epoch:18 	 loss=0.24893	
[2022-12-01 19:50:04,674][train.py][line:111][INFO] Epoch:18 	 loss=0.24838	
[2022-12-01 19:50:04,868][train.py][line:111][INFO] Epoch:18 	 loss=0.25306	
[2022-12-01 19:50:04,951][train.py][line:111][INFO] Epoch:19 	 loss=0.24999	
[2022-12-01 19:50:05,035][train.py][line:111][INFO] Epoch:19 	 loss=0.25116	
[2022-12-01 19:50:05,118][train.py][line:111][INFO] Epoch:19 	 loss=0.25032	
[2022-12-01 19:50:05,312][train.py][line:111][INFO] Epoch:19 	 loss=0.27655	
[2022-12-01 19:50:05,400][train.py][line:111][INFO] Epoch:20 	 loss=0.23869	
[2022-12-01 19:50:05,484][train.py][line:111][INFO] Epoch:20 	 loss=0.25753	
[2022-12-01 19:50:05,566][train.py][line:111][INFO] Epoch:20 	 loss=0.25157	
[2022-12-01 19:50:05,759][train.py][line:111][INFO] Epoch:20 	 loss=0.23697	
[2022-12-01 19:50:05,844][train.py][line:111][INFO] Epoch:21 	 loss=0.23695	
[2022-12-01 19:50:05,927][train.py][line:111][INFO] Epoch:21 	 loss=0.23888	
[2022-12-01 19:50:06,010][train.py][line:111][INFO] Epoch:21 	 loss=0.25598	
[2022-12-01 19:50:06,202][train.py][line:111][INFO] Epoch:21 	 loss=0.24810	
[2022-12-01 19:50:06,289][train.py][line:111][INFO] Epoch:22 	 loss=0.24420	
[2022-12-01 19:50:06,374][train.py][line:111][INFO] Epoch:22 	 loss=0.23440	
[2022-12-01 19:50:06,461][train.py][line:111][INFO] Epoch:22 	 loss=0.25440	
[2022-12-01 19:50:06,654][train.py][line:111][INFO] Epoch:22 	 loss=0.23164	
[2022-12-01 19:50:06,742][train.py][line:111][INFO] Epoch:23 	 loss=0.23360	
[2022-12-01 19:50:06,826][train.py][line:111][INFO] Epoch:23 	 loss=0.25695	
[2022-12-01 19:50:06,910][train.py][line:111][INFO] Epoch:23 	 loss=0.22755	
[2022-12-01 19:50:07,104][train.py][line:111][INFO] Epoch:23 	 loss=0.24398	
[2022-12-01 19:50:07,189][train.py][line:111][INFO] Epoch:24 	 loss=0.22461	
[2022-12-01 19:50:07,276][train.py][line:111][INFO] Epoch:24 	 loss=0.22439	
[2022-12-01 19:50:07,359][train.py][line:111][INFO] Epoch:24 	 loss=0.25573	
[2022-12-01 19:50:07,553][train.py][line:111][INFO] Epoch:24 	 loss=0.21957	
[2022-12-01 19:50:07,636][train.py][line:111][INFO] Epoch:25 	 loss=0.23085	
[2022-12-01 19:50:07,718][train.py][line:111][INFO] Epoch:25 	 loss=0.23030	
[2022-12-01 19:50:07,802][train.py][line:111][INFO] Epoch:25 	 loss=0.22966	
[2022-12-01 19:50:07,994][train.py][line:111][INFO] Epoch:25 	 loss=0.22806	
[2022-12-01 19:50:08,080][train.py][line:111][INFO] Epoch:26 	 loss=0.22215	
[2022-12-01 19:50:08,165][train.py][line:111][INFO] Epoch:26 	 loss=0.22892	
[2022-12-01 19:50:08,248][train.py][line:111][INFO] Epoch:26 	 loss=0.23646	
[2022-12-01 19:50:08,442][train.py][line:111][INFO] Epoch:26 	 loss=0.22604	
[2022-12-01 19:50:08,528][train.py][line:111][INFO] Epoch:27 	 loss=0.23844	
[2022-12-01 19:50:08,610][train.py][line:111][INFO] Epoch:27 	 loss=0.22341	
[2022-12-01 19:50:08,694][train.py][line:111][INFO] Epoch:27 	 loss=0.24045	
[2022-12-01 19:50:08,886][train.py][line:111][INFO] Epoch:27 	 loss=0.23657	
[2022-12-01 19:50:08,972][train.py][line:111][INFO] Epoch:28 	 loss=0.21824	
[2022-12-01 19:50:09,058][train.py][line:111][INFO] Epoch:28 	 loss=0.21918	
[2022-12-01 19:50:09,141][train.py][line:111][INFO] Epoch:28 	 loss=0.22013	
[2022-12-01 19:50:09,336][train.py][line:111][INFO] Epoch:28 	 loss=0.22971	
[2022-12-01 19:50:09,421][train.py][line:111][INFO] Epoch:29 	 loss=0.21504	
[2022-12-01 19:50:09,503][train.py][line:111][INFO] Epoch:29 	 loss=0.22892	
[2022-12-01 19:50:09,585][train.py][line:111][INFO] Epoch:29 	 loss=0.22507	
[2022-12-01 19:50:09,777][train.py][line:111][INFO] Epoch:29 	 loss=0.21531	
[2022-12-01 19:50:09,864][train.py][line:111][INFO] Epoch:30 	 loss=0.21315	
[2022-12-01 19:50:09,946][train.py][line:111][INFO] Epoch:30 	 loss=0.21129	
[2022-12-01 19:50:10,030][train.py][line:111][INFO] Epoch:30 	 loss=0.22509	
[2022-12-01 19:50:10,222][train.py][line:111][INFO] Epoch:30 	 loss=0.21930	
[2022-12-01 19:50:10,308][train.py][line:111][INFO] Epoch:31 	 loss=0.22371	
[2022-12-01 19:50:10,392][train.py][line:111][INFO] Epoch:31 	 loss=0.20173	
[2022-12-01 19:50:10,475][train.py][line:111][INFO] Epoch:31 	 loss=0.20836	
[2022-12-01 19:50:10,668][train.py][line:111][INFO] Epoch:31 	 loss=0.21039	
[2022-12-01 19:50:10,753][train.py][line:111][INFO] Epoch:32 	 loss=0.20945	
[2022-12-01 19:50:10,836][train.py][line:111][INFO] Epoch:32 	 loss=0.20314	
[2022-12-01 19:50:10,919][train.py][line:111][INFO] Epoch:32 	 loss=0.21884	
[2022-12-01 19:50:11,112][train.py][line:111][INFO] Epoch:32 	 loss=0.22438	
[2022-12-01 19:50:11,201][train.py][line:111][INFO] Epoch:33 	 loss=0.21089	
[2022-12-01 19:50:11,284][train.py][line:111][INFO] Epoch:33 	 loss=0.20265	
[2022-12-01 19:50:11,368][train.py][line:111][INFO] Epoch:33 	 loss=0.21396	
[2022-12-01 19:50:11,561][train.py][line:111][INFO] Epoch:33 	 loss=0.20706	
[2022-12-01 19:50:11,647][train.py][line:111][INFO] Epoch:34 	 loss=0.20584	
[2022-12-01 19:50:11,731][train.py][line:111][INFO] Epoch:34 	 loss=0.19025	
[2022-12-01 19:50:11,813][train.py][line:111][INFO] Epoch:34 	 loss=0.21653	
[2022-12-01 19:50:12,007][train.py][line:111][INFO] Epoch:34 	 loss=0.22371	
[2022-12-01 19:50:12,094][train.py][line:111][INFO] Epoch:35 	 loss=0.21384	
[2022-12-01 19:50:12,180][train.py][line:111][INFO] Epoch:35 	 loss=0.19247	
[2022-12-01 19:50:12,265][train.py][line:111][INFO] Epoch:35 	 loss=0.22297	
[2022-12-01 19:50:12,457][train.py][line:111][INFO] Epoch:35 	 loss=0.20447	
[2022-12-01 19:50:12,544][train.py][line:111][INFO] Epoch:36 	 loss=0.21405	
[2022-12-01 19:50:12,627][train.py][line:111][INFO] Epoch:36 	 loss=0.20060	
[2022-12-01 19:50:12,710][train.py][line:111][INFO] Epoch:36 	 loss=0.19801	
[2022-12-01 19:50:12,903][train.py][line:111][INFO] Epoch:36 	 loss=0.20490	
[2022-12-01 19:50:12,989][train.py][line:111][INFO] Epoch:37 	 loss=0.20509	
[2022-12-01 19:50:13,073][train.py][line:111][INFO] Epoch:37 	 loss=0.19459	
[2022-12-01 19:50:13,156][train.py][line:111][INFO] Epoch:37 	 loss=0.20340	
[2022-12-01 19:50:13,349][train.py][line:111][INFO] Epoch:37 	 loss=0.20417	
[2022-12-01 19:50:13,434][train.py][line:111][INFO] Epoch:38 	 loss=0.19768	
[2022-12-01 19:50:13,519][train.py][line:111][INFO] Epoch:38 	 loss=0.21875	
[2022-12-01 19:50:13,601][train.py][line:111][INFO] Epoch:38 	 loss=0.20474	
[2022-12-01 19:50:13,794][train.py][line:111][INFO] Epoch:38 	 loss=0.19030	
[2022-12-01 19:50:13,877][train.py][line:111][INFO] Epoch:39 	 loss=0.19045	
[2022-12-01 19:50:13,961][train.py][line:111][INFO] Epoch:39 	 loss=0.20299	
[2022-12-01 19:50:14,046][train.py][line:111][INFO] Epoch:39 	 loss=0.18377	
[2022-12-01 19:50:14,242][train.py][line:111][INFO] Epoch:39 	 loss=0.20486	
[2022-12-01 19:50:14,329][train.py][line:111][INFO] Epoch:40 	 loss=0.19738	
[2022-12-01 19:50:14,413][train.py][line:111][INFO] Epoch:40 	 loss=0.19092	
[2022-12-01 19:50:14,498][train.py][line:111][INFO] Epoch:40 	 loss=0.20257	
[2022-12-01 19:50:14,690][train.py][line:111][INFO] Epoch:40 	 loss=0.20674	
[2022-12-01 19:50:14,773][train.py][line:111][INFO] Epoch:41 	 loss=0.19523	
[2022-12-01 19:50:14,858][train.py][line:111][INFO] Epoch:41 	 loss=0.20697	
[2022-12-01 19:50:14,941][train.py][line:111][INFO] Epoch:41 	 loss=0.20403	
[2022-12-01 19:50:15,135][train.py][line:111][INFO] Epoch:41 	 loss=0.19408	
[2022-12-01 19:50:15,222][train.py][line:111][INFO] Epoch:42 	 loss=0.20046	
[2022-12-01 19:50:15,305][train.py][line:111][INFO] Epoch:42 	 loss=0.19243	
[2022-12-01 19:50:15,390][train.py][line:111][INFO] Epoch:42 	 loss=0.18542	
[2022-12-01 19:50:15,584][train.py][line:111][INFO] Epoch:42 	 loss=0.20851	
[2022-12-01 19:50:15,667][train.py][line:111][INFO] Epoch:43 	 loss=0.19246	
[2022-12-01 19:50:15,750][train.py][line:111][INFO] Epoch:43 	 loss=0.21194	
[2022-12-01 19:50:15,832][train.py][line:111][INFO] Epoch:43 	 loss=0.21587	
[2022-12-01 19:50:16,025][train.py][line:111][INFO] Epoch:43 	 loss=0.19207	
[2022-12-01 19:50:16,114][train.py][line:111][INFO] Epoch:44 	 loss=0.21122	
[2022-12-01 19:50:16,197][train.py][line:111][INFO] Epoch:44 	 loss=0.19623	
[2022-12-01 19:50:16,281][train.py][line:111][INFO] Epoch:44 	 loss=0.21320	
[2022-12-01 19:50:16,473][train.py][line:111][INFO] Epoch:44 	 loss=0.18361	
[2022-12-01 19:50:16,559][train.py][line:111][INFO] Epoch:45 	 loss=0.18389	
[2022-12-01 19:50:16,642][train.py][line:111][INFO] Epoch:45 	 loss=0.19930	
[2022-12-01 19:50:16,725][train.py][line:111][INFO] Epoch:45 	 loss=0.20105	
[2022-12-01 19:50:16,917][train.py][line:111][INFO] Epoch:45 	 loss=0.18826	
[2022-12-01 19:50:17,001][train.py][line:111][INFO] Epoch:46 	 loss=0.20955	
[2022-12-01 19:50:17,085][train.py][line:111][INFO] Epoch:46 	 loss=0.17691	
[2022-12-01 19:50:17,168][train.py][line:111][INFO] Epoch:46 	 loss=0.20631	
[2022-12-01 19:50:17,362][train.py][line:111][INFO] Epoch:46 	 loss=0.18117	
[2022-12-01 19:50:17,446][train.py][line:111][INFO] Epoch:47 	 loss=0.19119	
[2022-12-01 19:50:17,536][train.py][line:111][INFO] Epoch:47 	 loss=0.20638	
[2022-12-01 19:50:17,619][train.py][line:111][INFO] Epoch:47 	 loss=0.20502	
[2022-12-01 19:50:17,812][train.py][line:111][INFO] Epoch:47 	 loss=0.18298	
[2022-12-01 19:50:17,899][train.py][line:111][INFO] Epoch:48 	 loss=0.18631	
[2022-12-01 19:50:17,982][train.py][line:111][INFO] Epoch:48 	 loss=0.20423	
[2022-12-01 19:50:18,065][train.py][line:111][INFO] Epoch:48 	 loss=0.19129	
[2022-12-01 19:50:18,260][train.py][line:111][INFO] Epoch:48 	 loss=0.19602	
[2022-12-01 19:50:18,342][train.py][line:111][INFO] Epoch:49 	 loss=0.18970	
[2022-12-01 19:50:18,426][train.py][line:111][INFO] Epoch:49 	 loss=0.18702	
[2022-12-01 19:50:18,508][train.py][line:111][INFO] Epoch:49 	 loss=0.19354	
[2022-12-01 19:50:18,699][train.py][line:111][INFO] Epoch:49 	 loss=0.18261	
[2022-12-01 19:50:18,785][train.py][line:111][INFO] Epoch:50 	 loss=0.18771	
[2022-12-01 19:50:18,868][train.py][line:111][INFO] Epoch:50 	 loss=0.18178	
[2022-12-01 19:50:18,950][train.py][line:111][INFO] Epoch:50 	 loss=0.18814	
[2022-12-01 19:50:19,144][train.py][line:111][INFO] Epoch:50 	 loss=0.18921	
[2022-12-01 19:50:19,231][train.py][line:111][INFO] Epoch:51 	 loss=0.18919	
[2022-12-01 19:50:19,321][train.py][line:111][INFO] Epoch:51 	 loss=0.20083	
[2022-12-01 19:50:19,405][train.py][line:111][INFO] Epoch:51 	 loss=0.17869	
[2022-12-01 19:50:19,600][train.py][line:111][INFO] Epoch:51 	 loss=0.16710	
[2022-12-01 19:50:19,688][train.py][line:111][INFO] Epoch:52 	 loss=0.19684	
[2022-12-01 19:50:19,773][train.py][line:111][INFO] Epoch:52 	 loss=0.18207	
[2022-12-01 19:50:19,857][train.py][line:111][INFO] Epoch:52 	 loss=0.18827	
[2022-12-01 19:50:20,051][train.py][line:111][INFO] Epoch:52 	 loss=0.19188	
[2022-12-01 19:50:20,137][train.py][line:111][INFO] Epoch:53 	 loss=0.18992	
[2022-12-01 19:50:20,220][train.py][line:111][INFO] Epoch:53 	 loss=0.16780	
[2022-12-01 19:50:20,304][train.py][line:111][INFO] Epoch:53 	 loss=0.16957	
[2022-12-01 19:50:20,498][train.py][line:111][INFO] Epoch:53 	 loss=0.19181	
[2022-12-01 19:50:20,584][train.py][line:111][INFO] Epoch:54 	 loss=0.19260	
[2022-12-01 19:50:20,673][train.py][line:111][INFO] Epoch:54 	 loss=0.18045	
[2022-12-01 19:50:20,759][train.py][line:111][INFO] Epoch:54 	 loss=0.19142	
[2022-12-01 19:50:20,953][train.py][line:111][INFO] Epoch:54 	 loss=0.19540	
[2022-12-01 19:50:21,035][train.py][line:111][INFO] Epoch:55 	 loss=0.20684	
[2022-12-01 19:50:21,118][train.py][line:111][INFO] Epoch:55 	 loss=0.19772	
[2022-12-01 19:50:21,200][train.py][line:111][INFO] Epoch:55 	 loss=0.19313	
[2022-12-01 19:50:21,394][train.py][line:111][INFO] Epoch:55 	 loss=0.18945	
[2022-12-01 19:50:21,479][train.py][line:111][INFO] Epoch:56 	 loss=0.18896	
[2022-12-01 19:50:21,565][train.py][line:111][INFO] Epoch:56 	 loss=0.18033	
[2022-12-01 19:50:21,648][train.py][line:111][INFO] Epoch:56 	 loss=0.19321	
[2022-12-01 19:50:21,841][train.py][line:111][INFO] Epoch:56 	 loss=0.18456	
[2022-12-01 19:50:21,925][train.py][line:111][INFO] Epoch:57 	 loss=0.18036	
[2022-12-01 19:50:22,008][train.py][line:111][INFO] Epoch:57 	 loss=0.20200	
[2022-12-01 19:50:22,091][train.py][line:111][INFO] Epoch:57 	 loss=0.18277	
[2022-12-01 19:50:22,284][train.py][line:111][INFO] Epoch:57 	 loss=0.17472	
[2022-12-01 19:50:22,368][train.py][line:111][INFO] Epoch:58 	 loss=0.20285	
[2022-12-01 19:50:22,452][train.py][line:111][INFO] Epoch:58 	 loss=0.19726	
[2022-12-01 19:50:22,535][train.py][line:111][INFO] Epoch:58 	 loss=0.17381	
[2022-12-01 19:50:22,729][train.py][line:111][INFO] Epoch:58 	 loss=0.19469	
[2022-12-01 19:50:22,817][train.py][line:111][INFO] Epoch:59 	 loss=0.19968	
[2022-12-01 19:50:22,899][train.py][line:111][INFO] Epoch:59 	 loss=0.17532	
[2022-12-01 19:50:22,982][train.py][line:111][INFO] Epoch:59 	 loss=0.18460	
[2022-12-01 19:50:23,176][train.py][line:111][INFO] Epoch:59 	 loss=0.17575	
[2022-12-01 19:50:23,261][train.py][line:111][INFO] Epoch:60 	 loss=0.17786	
[2022-12-01 19:50:23,344][train.py][line:111][INFO] Epoch:60 	 loss=0.20689	
[2022-12-01 19:50:23,427][train.py][line:111][INFO] Epoch:60 	 loss=0.17593	
[2022-12-01 19:50:23,621][train.py][line:111][INFO] Epoch:60 	 loss=0.17927	
[2022-12-01 19:50:23,710][train.py][line:111][INFO] Epoch:61 	 loss=0.18560	
[2022-12-01 19:50:23,793][train.py][line:111][INFO] Epoch:61 	 loss=0.17169	
[2022-12-01 19:50:23,876][train.py][line:111][INFO] Epoch:61 	 loss=0.19870	
[2022-12-01 19:50:24,069][train.py][line:111][INFO] Epoch:61 	 loss=0.19737	
[2022-12-01 19:50:24,155][train.py][line:111][INFO] Epoch:62 	 loss=0.18422	
[2022-12-01 19:50:24,238][train.py][line:111][INFO] Epoch:62 	 loss=0.18608	
[2022-12-01 19:50:24,322][train.py][line:111][INFO] Epoch:62 	 loss=0.19458	
[2022-12-01 19:50:24,516][train.py][line:111][INFO] Epoch:62 	 loss=0.19271	
[2022-12-01 19:50:24,600][train.py][line:111][INFO] Epoch:63 	 loss=0.17298	
[2022-12-01 19:50:24,683][train.py][line:111][INFO] Epoch:63 	 loss=0.17414	
[2022-12-01 19:50:24,765][train.py][line:111][INFO] Epoch:63 	 loss=0.18882	
[2022-12-01 19:50:24,959][train.py][line:111][INFO] Epoch:63 	 loss=0.16578	
[2022-12-01 19:50:25,045][train.py][line:111][INFO] Epoch:64 	 loss=0.18173	
[2022-12-01 19:50:25,129][train.py][line:111][INFO] Epoch:64 	 loss=0.17555	
[2022-12-01 19:50:25,212][train.py][line:111][INFO] Epoch:64 	 loss=0.19110	
[2022-12-01 19:50:25,408][train.py][line:111][INFO] Epoch:64 	 loss=0.18509	
[2022-12-01 19:50:25,492][train.py][line:111][INFO] Epoch:65 	 loss=0.16296	
[2022-12-01 19:50:25,574][train.py][line:111][INFO] Epoch:65 	 loss=0.17714	
[2022-12-01 19:50:25,657][train.py][line:111][INFO] Epoch:65 	 loss=0.19193	
[2022-12-01 19:50:25,851][train.py][line:111][INFO] Epoch:65 	 loss=0.17487	
[2022-12-01 19:50:25,934][train.py][line:111][INFO] Epoch:66 	 loss=0.18470	
[2022-12-01 19:50:26,017][train.py][line:111][INFO] Epoch:66 	 loss=0.19853	
[2022-12-01 19:50:26,100][train.py][line:111][INFO] Epoch:66 	 loss=0.19060	
[2022-12-01 19:50:26,293][train.py][line:111][INFO] Epoch:66 	 loss=0.18198	
[2022-12-01 19:50:26,375][train.py][line:111][INFO] Epoch:67 	 loss=0.20105	
[2022-12-01 19:50:26,458][train.py][line:111][INFO] Epoch:67 	 loss=0.18600	
[2022-12-01 19:50:26,542][train.py][line:111][INFO] Epoch:67 	 loss=0.18470	
[2022-12-01 19:50:26,734][train.py][line:111][INFO] Epoch:67 	 loss=0.18461	
[2022-12-01 19:50:26,822][train.py][line:111][INFO] Epoch:68 	 loss=0.19936	
[2022-12-01 19:50:26,906][train.py][line:111][INFO] Epoch:68 	 loss=0.17302	
[2022-12-01 19:50:26,989][train.py][line:111][INFO] Epoch:68 	 loss=0.17899	
[2022-12-01 19:50:27,183][train.py][line:111][INFO] Epoch:68 	 loss=0.19173	
[2022-12-01 19:50:27,266][train.py][line:111][INFO] Epoch:69 	 loss=0.17804	
[2022-12-01 19:50:27,349][train.py][line:111][INFO] Epoch:69 	 loss=0.16950	
[2022-12-01 19:50:27,432][train.py][line:111][INFO] Epoch:69 	 loss=0.17466	
[2022-12-01 19:50:27,625][train.py][line:111][INFO] Epoch:69 	 loss=0.17354	
[2022-12-01 19:50:27,712][train.py][line:111][INFO] Epoch:70 	 loss=0.18486	
[2022-12-01 19:50:27,797][train.py][line:111][INFO] Epoch:70 	 loss=0.19619	
[2022-12-01 19:50:27,879][train.py][line:111][INFO] Epoch:70 	 loss=0.17970	
[2022-12-01 19:50:28,073][train.py][line:111][INFO] Epoch:70 	 loss=0.17949	
[2022-12-01 19:50:28,158][train.py][line:111][INFO] Epoch:71 	 loss=0.18503	
[2022-12-01 19:50:28,243][train.py][line:111][INFO] Epoch:71 	 loss=0.18295	
[2022-12-01 19:50:28,330][train.py][line:111][INFO] Epoch:71 	 loss=0.18181	
[2022-12-01 19:50:28,525][train.py][line:111][INFO] Epoch:71 	 loss=0.18095	
[2022-12-01 19:50:28,610][train.py][line:111][INFO] Epoch:72 	 loss=0.17197	
[2022-12-01 19:50:28,695][train.py][line:111][INFO] Epoch:72 	 loss=0.18812	
[2022-12-01 19:50:28,779][train.py][line:111][INFO] Epoch:72 	 loss=0.16505	
[2022-12-01 19:50:28,973][train.py][line:111][INFO] Epoch:72 	 loss=0.18644	
[2022-12-01 19:50:29,058][train.py][line:111][INFO] Epoch:73 	 loss=0.19411	
[2022-12-01 19:50:29,143][train.py][line:111][INFO] Epoch:73 	 loss=0.17375	
[2022-12-01 19:50:29,226][train.py][line:111][INFO] Epoch:73 	 loss=0.16246	
[2022-12-01 19:50:29,420][train.py][line:111][INFO] Epoch:73 	 loss=0.17129	
[2022-12-01 19:50:29,510][train.py][line:111][INFO] Epoch:74 	 loss=0.16963	
[2022-12-01 19:50:29,594][train.py][line:111][INFO] Epoch:74 	 loss=0.19174	
[2022-12-01 19:50:29,678][train.py][line:111][INFO] Epoch:74 	 loss=0.18208	
[2022-12-01 19:50:29,871][train.py][line:111][INFO] Epoch:74 	 loss=0.17960	
[2022-12-01 19:50:29,954][train.py][line:111][INFO] Epoch:75 	 loss=0.18499	
[2022-12-01 19:50:30,040][train.py][line:111][INFO] Epoch:75 	 loss=0.18928	
[2022-12-01 19:50:30,126][train.py][line:111][INFO] Epoch:75 	 loss=0.18787	
[2022-12-01 19:50:30,321][train.py][line:111][INFO] Epoch:75 	 loss=0.20977	
[2022-12-01 19:50:30,406][train.py][line:111][INFO] Epoch:76 	 loss=0.17588	
[2022-12-01 19:50:30,489][train.py][line:111][INFO] Epoch:76 	 loss=0.16512	
[2022-12-01 19:50:30,573][train.py][line:111][INFO] Epoch:76 	 loss=0.18910	
[2022-12-01 19:50:30,766][train.py][line:111][INFO] Epoch:76 	 loss=0.17719	
[2022-12-01 19:50:30,850][train.py][line:111][INFO] Epoch:77 	 loss=0.19460	
[2022-12-01 19:50:30,933][train.py][line:111][INFO] Epoch:77 	 loss=0.17670	
[2022-12-01 19:50:31,018][train.py][line:111][INFO] Epoch:77 	 loss=0.15843	
[2022-12-01 19:50:31,211][train.py][line:111][INFO] Epoch:77 	 loss=0.20280	
[2022-12-01 19:50:31,297][train.py][line:111][INFO] Epoch:78 	 loss=0.19082	
[2022-12-01 19:50:31,380][train.py][line:111][INFO] Epoch:78 	 loss=0.18282	
[2022-12-01 19:50:31,464][train.py][line:111][INFO] Epoch:78 	 loss=0.17303	
[2022-12-01 19:50:31,660][train.py][line:111][INFO] Epoch:78 	 loss=0.18732	
[2022-12-01 19:50:31,747][train.py][line:111][INFO] Epoch:79 	 loss=0.17180	
[2022-12-01 19:50:31,830][train.py][line:111][INFO] Epoch:79 	 loss=0.17234	
[2022-12-01 19:50:31,913][train.py][line:111][INFO] Epoch:79 	 loss=0.19682	
[2022-12-01 19:50:32,106][train.py][line:111][INFO] Epoch:79 	 loss=0.18875	
[2022-12-01 19:50:32,193][train.py][line:111][INFO] Epoch:80 	 loss=0.19166	
[2022-12-01 19:50:32,280][train.py][line:111][INFO] Epoch:80 	 loss=0.19228	
[2022-12-01 19:50:32,362][train.py][line:111][INFO] Epoch:80 	 loss=0.19072	
[2022-12-01 19:50:32,557][train.py][line:111][INFO] Epoch:80 	 loss=0.17491	
[2022-12-01 19:50:32,641][train.py][line:111][INFO] Epoch:81 	 loss=0.18513	
[2022-12-01 19:50:32,724][train.py][line:111][INFO] Epoch:81 	 loss=0.18111	
[2022-12-01 19:50:32,807][train.py][line:111][INFO] Epoch:81 	 loss=0.17519	
[2022-12-01 19:50:33,001][train.py][line:111][INFO] Epoch:81 	 loss=0.19219	
[2022-12-01 19:50:33,088][train.py][line:111][INFO] Epoch:82 	 loss=0.19625	
[2022-12-01 19:50:33,174][train.py][line:111][INFO] Epoch:82 	 loss=0.18829	
[2022-12-01 19:50:33,259][train.py][line:111][INFO] Epoch:82 	 loss=0.18280	
[2022-12-01 19:50:33,453][train.py][line:111][INFO] Epoch:82 	 loss=0.19483	
[2022-12-01 19:50:33,539][train.py][line:111][INFO] Epoch:83 	 loss=0.17840	
[2022-12-01 19:50:33,622][train.py][line:111][INFO] Epoch:83 	 loss=0.18760	
[2022-12-01 19:50:33,704][train.py][line:111][INFO] Epoch:83 	 loss=0.18316	
[2022-12-01 19:50:33,899][train.py][line:111][INFO] Epoch:83 	 loss=0.18941	
[2022-12-01 19:50:33,985][train.py][line:111][INFO] Epoch:84 	 loss=0.18549	
[2022-12-01 19:50:34,069][train.py][line:111][INFO] Epoch:84 	 loss=0.19102	
[2022-12-01 19:50:34,151][train.py][line:111][INFO] Epoch:84 	 loss=0.18389	
[2022-12-01 19:50:34,344][train.py][line:111][INFO] Epoch:84 	 loss=0.18997	
[2022-12-01 19:50:34,431][train.py][line:111][INFO] Epoch:85 	 loss=0.16790	
[2022-12-01 19:50:34,515][train.py][line:111][INFO] Epoch:85 	 loss=0.17675	
[2022-12-01 19:50:34,598][train.py][line:111][INFO] Epoch:85 	 loss=0.16963	
[2022-12-01 19:50:34,793][train.py][line:111][INFO] Epoch:85 	 loss=0.19124	
[2022-12-01 19:50:34,879][train.py][line:111][INFO] Epoch:86 	 loss=0.19432	
[2022-12-01 19:50:34,962][train.py][line:111][INFO] Epoch:86 	 loss=0.18084	
[2022-12-01 19:50:35,047][train.py][line:111][INFO] Epoch:86 	 loss=0.17738	
[2022-12-01 19:50:35,246][train.py][line:111][INFO] Epoch:86 	 loss=0.16386	
[2022-12-01 19:50:35,334][train.py][line:111][INFO] Epoch:87 	 loss=0.18605	
[2022-12-01 19:50:35,416][train.py][line:111][INFO] Epoch:87 	 loss=0.18491	
[2022-12-01 19:50:35,499][train.py][line:111][INFO] Epoch:87 	 loss=0.17289	
[2022-12-01 19:50:35,692][train.py][line:111][INFO] Epoch:87 	 loss=0.18191	
[2022-12-01 19:50:35,776][train.py][line:111][INFO] Epoch:88 	 loss=0.17981	
[2022-12-01 19:50:35,859][train.py][line:111][INFO] Epoch:88 	 loss=0.17866	
[2022-12-01 19:50:35,944][train.py][line:111][INFO] Epoch:88 	 loss=0.17323	
[2022-12-01 19:50:36,139][train.py][line:111][INFO] Epoch:88 	 loss=0.18044	
[2022-12-01 19:50:36,223][train.py][line:111][INFO] Epoch:89 	 loss=0.17295	
[2022-12-01 19:50:36,307][train.py][line:111][INFO] Epoch:89 	 loss=0.16137	
[2022-12-01 19:50:36,390][train.py][line:111][INFO] Epoch:89 	 loss=0.17230	
[2022-12-01 19:50:36,583][train.py][line:111][INFO] Epoch:89 	 loss=0.16945	
[2022-12-01 19:50:36,667][train.py][line:111][INFO] Epoch:90 	 loss=0.17803	
[2022-12-01 19:50:36,753][train.py][line:111][INFO] Epoch:90 	 loss=0.18922	
[2022-12-01 19:50:36,836][train.py][line:111][INFO] Epoch:90 	 loss=0.17512	
[2022-12-01 19:50:37,034][train.py][line:111][INFO] Epoch:90 	 loss=0.18306	
[2022-12-01 19:50:37,122][train.py][line:111][INFO] Epoch:91 	 loss=0.19149	
[2022-12-01 19:50:37,204][train.py][line:111][INFO] Epoch:91 	 loss=0.16994	
[2022-12-01 19:50:37,289][train.py][line:111][INFO] Epoch:91 	 loss=0.19342	
[2022-12-01 19:50:37,484][train.py][line:111][INFO] Epoch:91 	 loss=0.17499	
[2022-12-01 19:50:37,568][train.py][line:111][INFO] Epoch:92 	 loss=0.18155	
[2022-12-01 19:50:37,652][train.py][line:111][INFO] Epoch:92 	 loss=0.17954	
[2022-12-01 19:50:37,736][train.py][line:111][INFO] Epoch:92 	 loss=0.20359	
[2022-12-01 19:50:37,929][train.py][line:111][INFO] Epoch:92 	 loss=0.18816	
[2022-12-01 19:50:38,016][train.py][line:111][INFO] Epoch:93 	 loss=0.17345	
[2022-12-01 19:50:38,100][train.py][line:111][INFO] Epoch:93 	 loss=0.17905	
[2022-12-01 19:50:38,183][train.py][line:111][INFO] Epoch:93 	 loss=0.16949	
[2022-12-01 19:50:38,380][train.py][line:111][INFO] Epoch:93 	 loss=0.16343	
[2022-12-01 19:50:38,462][train.py][line:111][INFO] Epoch:94 	 loss=0.17594	
[2022-12-01 19:50:38,546][train.py][line:111][INFO] Epoch:94 	 loss=0.17522	
[2022-12-01 19:50:38,628][train.py][line:111][INFO] Epoch:94 	 loss=0.20022	
[2022-12-01 19:50:38,822][train.py][line:111][INFO] Epoch:94 	 loss=0.18204	
[2022-12-01 19:50:38,907][train.py][line:111][INFO] Epoch:95 	 loss=0.18157	
[2022-12-01 19:50:38,989][train.py][line:111][INFO] Epoch:95 	 loss=0.17708	
[2022-12-01 19:50:39,072][train.py][line:111][INFO] Epoch:95 	 loss=0.19557	
[2022-12-01 19:50:39,273][train.py][line:111][INFO] Epoch:95 	 loss=0.17211	
[2022-12-01 19:50:39,354][train.py][line:111][INFO] Epoch:96 	 loss=0.17710	
[2022-12-01 19:50:39,437][train.py][line:111][INFO] Epoch:96 	 loss=0.18394	
[2022-12-01 19:50:39,519][train.py][line:111][INFO] Epoch:96 	 loss=0.18650	
[2022-12-01 19:50:39,712][train.py][line:111][INFO] Epoch:96 	 loss=0.17915	
[2022-12-01 19:50:39,798][train.py][line:111][INFO] Epoch:97 	 loss=0.17490	
[2022-12-01 19:50:39,881][train.py][line:111][INFO] Epoch:97 	 loss=0.19607	
[2022-12-01 19:50:39,966][train.py][line:111][INFO] Epoch:97 	 loss=0.18116	
[2022-12-01 19:50:40,158][train.py][line:111][INFO] Epoch:97 	 loss=0.17926	
[2022-12-01 19:50:40,248][train.py][line:111][INFO] Epoch:98 	 loss=0.19953	
[2022-12-01 19:50:40,332][train.py][line:111][INFO] Epoch:98 	 loss=0.18459	
[2022-12-01 19:50:40,414][train.py][line:111][INFO] Epoch:98 	 loss=0.19633	
[2022-12-01 19:50:40,607][train.py][line:111][INFO] Epoch:98 	 loss=0.18423	
[2022-12-01 19:50:40,696][train.py][line:111][INFO] Epoch:99 	 loss=0.17659	
[2022-12-01 19:50:40,779][train.py][line:111][INFO] Epoch:99 	 loss=0.16830	
[2022-12-01 19:50:40,863][train.py][line:111][INFO] Epoch:99 	 loss=0.17223	
[2022-12-01 19:50:41,058][train.py][line:111][INFO] Epoch:99 	 loss=0.17794	
[2022-12-01 19:50:41,060][train.py][line:122][INFO] starting test on env书籍	
[2022-12-01 19:50:41,453][train.py][line:138][INFO] acc on env书籍 = 52.43%	
[2022-12-01 19:50:41,454][train.py][line:122][INFO] starting test on env计算机	
[2022-12-01 19:50:42,330][train.py][line:138][INFO] acc on env计算机 = 84.92%	
[2022-12-01 19:50:42,331][train.py][line:122][INFO] starting test on env酒店	
[2022-12-01 19:50:42,958][train.py][line:138][INFO] acc on env酒店 = 70.63%	
[2022-12-01 19:50:42,959][train.py][line:122][INFO] starting test on env蒙牛	
[2022-12-01 19:50:43,089][train.py][line:138][INFO] acc on env蒙牛 = 62.03%	
[2022-12-01 19:50:43,090][train.py][line:122][INFO] starting test on env平板	
[2022-12-01 19:50:43,655][train.py][line:138][INFO] acc on env平板 = 76.27%	
[2022-12-01 19:50:43,656][train.py][line:122][INFO] starting test on env热水器	
[2022-12-01 19:50:43,780][train.py][line:138][INFO] acc on env热水器 = 59.30%	
[2022-12-01 19:50:43,789][train.py][line:122][INFO] starting test on env手机	
[2022-12-01 19:50:43,985][train.py][line:138][INFO] acc on env手机 = 76.54%	
[2022-12-01 19:50:43,986][train.py][line:122][INFO] starting test on env水果	
[2022-12-01 19:50:44,547][train.py][line:138][INFO] acc on env水果 = 71.25%	
[2022-12-01 19:50:44,548][train.py][line:122][INFO] starting test on env洗发水	
[2022-12-01 19:50:45,107][train.py][line:138][INFO] acc on env洗发水 = 73.06%	
[2022-12-01 19:50:45,108][train.py][line:122][INFO] starting test on env衣服	
[2022-12-01 19:50:45,664][train.py][line:138][INFO] acc on env衣服 = 78.85%	
